build/app/intermediates/manifest_merge_blame_file/debug/processDebugMainManifest/manifest-merger-blame-debug-report.txt
1<?xml version="1.0" encoding="utf-8"?>
2<manifest xmlns:android="http://schemas.android.com/apk/res/android"
3    package="com.example.chat_application"
4    android:versionCode="1"
5    android:versionName="0.1.0" >
6
7    <uses-sdk
8        android:minSdkVersion="24"
9        android:targetSdkVersion="35" />
10    <!--
11         The INTERNET permission is required for development. Specifically,
12         the Flutter tool needs it to communicate with the running application
13         to allow setting breakpoints, to provide hot reload, etc.
14    -->
15    <uses-permission android:name="android.permission.INTERNET" />
15-->src/debug/AndroidManifest.xml:6:5-66
15-->src/debug/AndroidManifest.xml:6:22-64
16    <!--
17     Required to query activities that can process text, see:
18         https://developer.android.com/training/package-visibility and
19         https://developer.android.com/reference/android/content/Intent#ACTION_PROCESS_TEXT.
20         In particular, this is used by the Flutter engine in io.flutter.plugin.text.ProcessTextPlugin.
21    -->
22    <queries>
22-->src/main/AndroidManifest.xml:43:5-48:15
23        <intent>
23-->src/main/AndroidManifest.xml:44:9-47:18
24            <action android:name="android.intent.action.PROCESS_TEXT" />
24-->src/main/AndroidManifest.xml:45:13-72
24-->src/main/AndroidManifest.xml:45:21-70
25
26            <data android:mimeType="text/plain" />
26-->src/main/AndroidManifest.xml:46:13-50
26-->src/main/AndroidManifest.xml:46:19-48
27        </intent>
28        <intent>
28-->[:file_picker] AndroidManifest.xml:8:9-12:18
29            <action android:name="android.intent.action.GET_CONTENT" />
29-->[:file_picker] AndroidManifest.xml:9:13-72
29-->[:file_picker] AndroidManifest.xml:9:21-69
30
31            <data android:mimeType="*/*" />
31-->src/main/AndroidManifest.xml:46:13-50
31-->src/main/AndroidManifest.xml:46:19-48
32        </intent>
33    </queries>
34
35    <uses-permission android:name="android.permission.RECORD_AUDIO" />
35-->[:record_android] AndroidManifest.xml:7:5-71
35-->[:record_android] AndroidManifest.xml:7:22-68
36    <uses-permission android:name="android.permission.WAKE_LOCK" />
36-->[:firebase_messaging] AndroidManifest.xml:8:5-68
36-->[:firebase_messaging] AndroidManifest.xml:8:22-65
37    <uses-permission android:name="android.permission.ACCESS_NETWORK_STATE" /> <!-- Permissions options for the `notification` group -->
37-->[:firebase_messaging] AndroidManifest.xml:9:5-79
37-->[:firebase_messaging] AndroidManifest.xml:9:22-76
38    <uses-permission android:name="android.permission.POST_NOTIFICATIONS" />
38-->[:firebase_messaging] AndroidManifest.xml:11:5-77
38-->[:firebase_messaging] AndroidManifest.xml:11:22-74
39    <uses-permission android:name="android.permission.USE_BIOMETRIC" />
39-->[:local_auth_android] AndroidManifest.xml:7:5-72
39-->[:local_auth_android] AndroidManifest.xml:7:22-69
40    <uses-permission android:name="android.permission.BLUETOOTH" />
40-->[com.github.canardoux:flutter_sound_core:9.28.0] AndroidManifest.xml:7:5-68
40-->[com.github.canardoux:flutter_sound_core:9.28.0] AndroidManifest.xml:7:22-65
41    <uses-permission android:name="android.permission.MODIFY_AUDIO_SETTINGS" />
41-->[com.github.canardoux:flutter_sound_core:9.28.0] AndroidManifest.xml:9:5-80
41-->[com.github.canardoux:flutter_sound_core:9.28.0] AndroidManifest.xml:9:22-77
42    <uses-permission android:name="Manifest.permission.CAPTURE_AUDIO_OUTPUT" /> <!-- suppress DeprecatedClassUsageInspection -->
42-->[com.github.canardoux:flutter_sound_core:9.28.0] AndroidManifest.xml:11:5-80
42-->[com.github.canardoux:flutter_sound_core:9.28.0] AndroidManifest.xml:11:22-77
43    <uses-permission android:name="android.permission.USE_FINGERPRINT" /> <!-- Required by older versions of Google Play services to create IID tokens -->
43-->[androidx.biometric:biometric:1.1.0] AndroidManifest.xml:27:5-74
43-->[androidx.biometric:biometric:1.1.0] AndroidManifest.xml:27:22-71
44    <uses-permission android:name="com.google.android.c2dm.permission.RECEIVE" />
44-->[com.google.firebase:firebase-messaging:24.1.1] AndroidManifest.xml:26:5-82
44-->[com.google.firebase:firebase-messaging:24.1.1] AndroidManifest.xml:26:22-79
45    <uses-permission android:name="com.google.android.gms.permission.AD_ID" />
45-->[com.google.android.gms:play-services-measurement-api:22.4.0] AndroidManifest.xml:25:5-79
45-->[com.google.android.gms:play-services-measurement-api:22.4.0] AndroidManifest.xml:25:22-76
46    <uses-permission android:name="android.permission.ACCESS_ADSERVICES_ATTRIBUTION" />
46-->[com.google.android.gms:play-services-measurement-api:22.4.0] AndroidManifest.xml:26:5-88
46-->[com.google.android.gms:play-services-measurement-api:22.4.0] AndroidManifest.xml:26:22-85
47    <uses-permission android:name="android.permission.ACCESS_ADSERVICES_AD_ID" />
47-->[com.google.android.gms:play-services-measurement-api:22.4.0] AndroidManifest.xml:27:5-82
47-->[com.google.android.gms:play-services-measurement-api:22.4.0] AndroidManifest.xml:27:22-79
48    <uses-permission android:name="com.google.android.finsky.permission.BIND_GET_INSTALL_REFERRER_SERVICE" />
48-->[com.google.android.gms:play-services-measurement:22.4.0] AndroidManifest.xml:26:5-110
48-->[com.google.android.gms:play-services-measurement:22.4.0] AndroidManifest.xml:26:22-107
49    <uses-permission android:name="com.google.android.providers.gsf.permission.READ_GSERVICES" />
49-->[com.google.android.recaptcha:recaptcha:18.6.1] AndroidManifest.xml:9:5-98
49-->[com.google.android.recaptcha:recaptcha:18.6.1] AndroidManifest.xml:9:22-95
50
51    <permission
51-->[androidx.core:core:1.15.0] AndroidManifest.xml:22:5-24:47
52        android:name="com.example.chat_application.DYNAMIC_RECEIVER_NOT_EXPORTED_PERMISSION"
52-->[androidx.core:core:1.15.0] AndroidManifest.xml:23:9-81
53        android:protectionLevel="signature" />
53-->[androidx.core:core:1.15.0] AndroidManifest.xml:24:9-44
54
55    <uses-permission android:name="com.example.chat_application.DYNAMIC_RECEIVER_NOT_EXPORTED_PERMISSION" /> <!-- Update the package name here -->
55-->[androidx.core:core:1.15.0] AndroidManifest.xml:26:5-97
55-->[androidx.core:core:1.15.0] AndroidManifest.xml:26:22-94
56    <application
57        android:name="android.app.Application"
58        android:appComponentFactory="androidx.core.app.CoreComponentFactory"
58-->[androidx.core:core:1.15.0] AndroidManifest.xml:28:18-86
59        android:debuggable="true"
60        android:extractNativeLibs="false"
61        android:icon="@mipmap/ic_launcher"
62        android:label="InTouch" >
63        <activity
64            android:name="com.example.chat_application.MainActivity"
65            android:configChanges="orientation|keyboardHidden|keyboard|screenSize|smallestScreenSize|locale|layoutDirection|fontScale|screenLayout|density|uiMode"
66            android:exported="true"
67            android:hardwareAccelerated="true"
68            android:launchMode="singleTop"
69            android:taskAffinity=""
70            android:theme="@style/LaunchTheme"
71            android:windowSoftInputMode="adjustResize" >
72
73            <!--
74                 Specifies an Android theme to apply to this Activity as soon as
75                 the Android process has started. This theme is visible to the user
76                 while the Flutter UI initializes. After that, this theme continues
77                 to determine the Window background behind the Flutter UI.
78            -->
79            <meta-data
80                android:name="io.flutter.embedding.android.NormalTheme"
81                android:resource="@style/NormalTheme" />
82
83            <intent-filter>
84                <action android:name="android.intent.action.MAIN" />
85
86                <category android:name="android.intent.category.LAUNCHER" />
87            </intent-filter>
88        </activity>
89
90        <!--
91             Don't delete the meta-data below.
92             This is used by the Flutter tool to generate GeneratedPluginRegistrant.java
93        -->
94        <meta-data
95            android:name="flutterEmbedding"
96            android:value="2" />
97
98        <service
98-->[:cloud_firestore] AndroidManifest.xml:8:9-12:19
99            android:name="com.google.firebase.components.ComponentDiscoveryService"
99-->[:cloud_firestore] AndroidManifest.xml:8:18-89
100            android:directBootAware="true"
100-->[com.google.firebase:firebase-common:21.0.0] AndroidManifest.xml:32:13-43
101            android:exported="false" >
101-->[com.google.firebase:firebase-firestore:25.1.4] AndroidManifest.xml:16:13-37
102            <meta-data
102-->[:cloud_firestore] AndroidManifest.xml:9:13-11:85
103                android:name="com.google.firebase.components:io.flutter.plugins.firebase.firestore.FlutterFirebaseFirestoreRegistrar"
103-->[:cloud_firestore] AndroidManifest.xml:10:17-134
104                android:value="com.google.firebase.components.ComponentRegistrar" />
104-->[:cloud_firestore] AndroidManifest.xml:11:17-82
105            <meta-data
105-->[:firebase_auth] AndroidManifest.xml:9:13-11:85
106                android:name="com.google.firebase.components:io.flutter.plugins.firebase.auth.FlutterFirebaseAuthRegistrar"
106-->[:firebase_auth] AndroidManifest.xml:10:17-124
107                android:value="com.google.firebase.components.ComponentRegistrar" />
107-->[:firebase_auth] AndroidManifest.xml:11:17-82
108            <meta-data
108-->[:firebase_messaging] AndroidManifest.xml:36:13-38:85
109                android:name="com.google.firebase.components:io.flutter.plugins.firebase.messaging.FlutterFirebaseAppRegistrar"
109-->[:firebase_messaging] AndroidManifest.xml:37:17-128
110                android:value="com.google.firebase.components.ComponentRegistrar" />
110-->[:firebase_messaging] AndroidManifest.xml:38:17-82
111            <meta-data
111-->[:firebase_core] AndroidManifest.xml:9:13-11:85
112                android:name="com.google.firebase.components:io.flutter.plugins.firebase.core.FlutterFirebaseCoreRegistrar"
112-->[:firebase_core] AndroidManifest.xml:10:17-124
113                android:value="com.google.firebase.components.ComponentRegistrar" />
113-->[:firebase_core] AndroidManifest.xml:11:17-82
114            <meta-data
114-->[com.google.firebase:firebase-firestore:25.1.4] AndroidManifest.xml:17:13-19:85
115                android:name="com.google.firebase.components:com.google.firebase.firestore.FirebaseFirestoreKtxRegistrar"
115-->[com.google.firebase:firebase-firestore:25.1.4] AndroidManifest.xml:18:17-122
116                android:value="com.google.firebase.components.ComponentRegistrar" />
116-->[com.google.firebase:firebase-firestore:25.1.4] AndroidManifest.xml:19:17-82
117            <meta-data
117-->[com.google.firebase:firebase-firestore:25.1.4] AndroidManifest.xml:20:13-22:85
118                android:name="com.google.firebase.components:com.google.firebase.firestore.FirestoreRegistrar"
118-->[com.google.firebase:firebase-firestore:25.1.4] AndroidManifest.xml:21:17-111
119                android:value="com.google.firebase.components.ComponentRegistrar" />
119-->[com.google.firebase:firebase-firestore:25.1.4] AndroidManifest.xml:22:17-82
120            <meta-data
120-->[com.google.firebase:firebase-auth:23.2.0] AndroidManifest.xml:69:13-71:85
121                android:name="com.google.firebase.components:com.google.firebase.auth.FirebaseAuthRegistrar"
121-->[com.google.firebase:firebase-auth:23.2.0] AndroidManifest.xml:70:17-109
122                android:value="com.google.firebase.components.ComponentRegistrar" />
122-->[com.google.firebase:firebase-auth:23.2.0] AndroidManifest.xml:71:17-82
123            <meta-data
123-->[com.google.firebase:firebase-messaging:24.1.1] AndroidManifest.xml:57:13-59:85
124                android:name="com.google.firebase.components:com.google.firebase.messaging.FirebaseMessagingKtxRegistrar"
124-->[com.google.firebase:firebase-messaging:24.1.1] AndroidManifest.xml:58:17-122
125                android:value="com.google.firebase.components.ComponentRegistrar" />
125-->[com.google.firebase:firebase-messaging:24.1.1] AndroidManifest.xml:59:17-82
126            <meta-data
126-->[com.google.firebase:firebase-messaging:24.1.1] AndroidManifest.xml:60:13-62:85
127                android:name="com.google.firebase.components:com.google.firebase.messaging.FirebaseMessagingRegistrar"
127-->[com.google.firebase:firebase-messaging:24.1.1] AndroidManifest.xml:61:17-119
128                android:value="com.google.firebase.components.ComponentRegistrar" />
128-->[com.google.firebase:firebase-messaging:24.1.1] AndroidManifest.xml:62:17-82
129            <meta-data
129-->[com.google.android.gms:play-services-measurement-api:22.4.0] AndroidManifest.xml:33:13-35:85
130                android:name="com.google.firebase.components:com.google.firebase.analytics.connector.internal.AnalyticsConnectorRegistrar"
130-->[com.google.android.gms:play-services-measurement-api:22.4.0] AndroidManifest.xml:34:17-139
131                android:value="com.google.firebase.components.ComponentRegistrar" />
131-->[com.google.android.gms:play-services-measurement-api:22.4.0] AndroidManifest.xml:35:17-82
132            <meta-data
132-->[com.google.firebase:firebase-installations:18.0.0] AndroidManifest.xml:15:13-17:85
133                android:name="com.google.firebase.components:com.google.firebase.installations.FirebaseInstallationsKtxRegistrar"
133-->[com.google.firebase:firebase-installations:18.0.0] AndroidManifest.xml:16:17-130
134                android:value="com.google.firebase.components.ComponentRegistrar" />
134-->[com.google.firebase:firebase-installations:18.0.0] AndroidManifest.xml:17:17-82
135            <meta-data
135-->[com.google.firebase:firebase-installations:18.0.0] AndroidManifest.xml:18:13-20:85
136                android:name="com.google.firebase.components:com.google.firebase.installations.FirebaseInstallationsRegistrar"
136-->[com.google.firebase:firebase-installations:18.0.0] AndroidManifest.xml:19:17-127
137                android:value="com.google.firebase.components.ComponentRegistrar" />
137-->[com.google.firebase:firebase-installations:18.0.0] AndroidManifest.xml:20:17-82
138            <meta-data
138-->[com.google.firebase:firebase-common-ktx:21.0.0] AndroidManifest.xml:12:13-14:85
139                android:name="com.google.firebase.components:com.google.firebase.ktx.FirebaseCommonLegacyRegistrar"
139-->[com.google.firebase:firebase-common-ktx:21.0.0] AndroidManifest.xml:13:17-116
140                android:value="com.google.firebase.components.ComponentRegistrar" />
140-->[com.google.firebase:firebase-common-ktx:21.0.0] AndroidManifest.xml:14:17-82
141            <meta-data
141-->[com.google.firebase:firebase-common:21.0.0] AndroidManifest.xml:35:13-37:85
142                android:name="com.google.firebase.components:com.google.firebase.FirebaseCommonKtxRegistrar"
142-->[com.google.firebase:firebase-common:21.0.0] AndroidManifest.xml:36:17-109
143                android:value="com.google.firebase.components.ComponentRegistrar" />
143-->[com.google.firebase:firebase-common:21.0.0] AndroidManifest.xml:37:17-82
144            <meta-data
144-->[com.google.firebase:firebase-datatransport:18.2.0] AndroidManifest.xml:25:13-27:85
145                android:name="com.google.firebase.components:com.google.firebase.datatransport.TransportRegistrar"
145-->[com.google.firebase:firebase-datatransport:18.2.0] AndroidManifest.xml:26:17-115
146                android:value="com.google.firebase.components.ComponentRegistrar" />
146-->[com.google.firebase:firebase-datatransport:18.2.0] AndroidManifest.xml:27:17-82
147        </service>
148        <service
148-->[:firebase_messaging] AndroidManifest.xml:14:9-17:72
149            android:name="io.flutter.plugins.firebase.messaging.FlutterFirebaseMessagingBackgroundService"
149-->[:firebase_messaging] AndroidManifest.xml:15:13-107
150            android:exported="false"
150-->[:firebase_messaging] AndroidManifest.xml:16:13-37
151            android:permission="android.permission.BIND_JOB_SERVICE" />
151-->[:firebase_messaging] AndroidManifest.xml:17:13-69
152        <service
152-->[:firebase_messaging] AndroidManifest.xml:18:9-24:19
153            android:name="io.flutter.plugins.firebase.messaging.FlutterFirebaseMessagingService"
153-->[:firebase_messaging] AndroidManifest.xml:19:13-97
154            android:exported="false" >
154-->[:firebase_messaging] AndroidManifest.xml:20:13-37
155            <intent-filter>
155-->[:firebase_messaging] AndroidManifest.xml:21:13-23:29
156                <action android:name="com.google.firebase.MESSAGING_EVENT" />
156-->[:firebase_messaging] AndroidManifest.xml:22:17-78
156-->[:firebase_messaging] AndroidManifest.xml:22:25-75
157            </intent-filter>
158        </service>
159
160        <receiver
160-->[:firebase_messaging] AndroidManifest.xml:26:9-33:20
161            android:name="io.flutter.plugins.firebase.messaging.FlutterFirebaseMessagingReceiver"
161-->[:firebase_messaging] AndroidManifest.xml:27:13-98
162            android:exported="true"
162-->[:firebase_messaging] AndroidManifest.xml:28:13-36
163            android:permission="com.google.android.c2dm.permission.SEND" >
163-->[:firebase_messaging] AndroidManifest.xml:29:13-73
164            <intent-filter>
164-->[:firebase_messaging] AndroidManifest.xml:30:13-32:29
165                <action android:name="com.google.android.c2dm.intent.RECEIVE" />
165-->[:firebase_messaging] AndroidManifest.xml:31:17-81
165-->[:firebase_messaging] AndroidManifest.xml:31:25-78
166            </intent-filter>
167        </receiver>
168
169        <provider
169-->[:firebase_messaging] AndroidManifest.xml:41:9-45:38
170            android:name="io.flutter.plugins.firebase.messaging.FlutterFirebaseMessagingInitProvider"
170-->[:firebase_messaging] AndroidManifest.xml:42:13-102
171            android:authorities="com.example.chat_application.flutterfirebasemessaginginitprovider"
171-->[:firebase_messaging] AndroidManifest.xml:43:13-88
172            android:exported="false"
172-->[:firebase_messaging] AndroidManifest.xml:44:13-37
173            android:initOrder="99" />
173-->[:firebase_messaging] AndroidManifest.xml:45:13-35
174        <provider
174-->[:image_picker_android] AndroidManifest.xml:9:9-17:20
175            android:name="io.flutter.plugins.imagepicker.ImagePickerFileProvider"
175-->[:image_picker_android] AndroidManifest.xml:10:13-82
176            android:authorities="com.example.chat_application.flutter.image_provider"
176-->[:image_picker_android] AndroidManifest.xml:11:13-74
177            android:exported="false"
177-->[:image_picker_android] AndroidManifest.xml:12:13-37
178            android:grantUriPermissions="true" >
178-->[:image_picker_android] AndroidManifest.xml:13:13-47
179            <meta-data
179-->[:image_picker_android] AndroidManifest.xml:14:13-16:75
180                android:name="android.support.FILE_PROVIDER_PATHS"
180-->[:image_picker_android] AndroidManifest.xml:15:17-67
181                android:resource="@xml/flutter_image_picker_file_paths" />
181-->[:image_picker_android] AndroidManifest.xml:16:17-72
182        </provider> <!-- Trigger Google Play services to install the backported photo picker module. -->
183        <service
183-->[:image_picker_android] AndroidManifest.xml:19:9-31:19
184            android:name="com.google.android.gms.metadata.ModuleDependencies"
184-->[:image_picker_android] AndroidManifest.xml:20:13-78
185            android:enabled="false"
185-->[:image_picker_android] AndroidManifest.xml:21:13-36
186            android:exported="false" >
186-->[:image_picker_android] AndroidManifest.xml:22:13-37
187            <intent-filter>
187-->[:image_picker_android] AndroidManifest.xml:24:13-26:29
188                <action android:name="com.google.android.gms.metadata.MODULE_DEPENDENCIES" />
188-->[:image_picker_android] AndroidManifest.xml:25:17-94
188-->[:image_picker_android] AndroidManifest.xml:25:25-91
189            </intent-filter>
190
191            <meta-data
191-->[:image_picker_android] AndroidManifest.xml:28:13-30:36
192                android:name="photopicker_activity:0:required"
192-->[:image_picker_android] AndroidManifest.xml:29:17-63
193                android:value="" />
193-->[:image_picker_android] AndroidManifest.xml:30:17-33
194        </service>
195
196        <activity
196-->[com.google.firebase:firebase-auth:23.2.0] AndroidManifest.xml:29:9-46:20
197            android:name="com.google.firebase.auth.internal.GenericIdpActivity"
197-->[com.google.firebase:firebase-auth:23.2.0] AndroidManifest.xml:30:13-80
198            android:excludeFromRecents="true"
198-->[com.google.firebase:firebase-auth:23.2.0] AndroidManifest.xml:31:13-46
199            android:exported="true"
199-->[com.google.firebase:firebase-auth:23.2.0] AndroidManifest.xml:32:13-36
200            android:launchMode="singleTask"
200-->[com.google.firebase:firebase-auth:23.2.0] AndroidManifest.xml:33:13-44
201            android:theme="@android:style/Theme.Translucent.NoTitleBar" >
201-->[com.google.firebase:firebase-auth:23.2.0] AndroidManifest.xml:34:13-72
202            <intent-filter>
202-->[com.google.firebase:firebase-auth:23.2.0] AndroidManifest.xml:35:13-45:29
203                <action android:name="android.intent.action.VIEW" />
203-->[com.google.firebase:firebase-auth:23.2.0] AndroidManifest.xml:36:17-69
203-->[com.google.firebase:firebase-auth:23.2.0] AndroidManifest.xml:36:25-66
204
205                <category android:name="android.intent.category.DEFAULT" />
205-->[com.google.firebase:firebase-auth:23.2.0] AndroidManifest.xml:38:17-76
205-->[com.google.firebase:firebase-auth:23.2.0] AndroidManifest.xml:38:27-73
206                <category android:name="android.intent.category.BROWSABLE" />
206-->[com.google.firebase:firebase-auth:23.2.0] AndroidManifest.xml:39:17-78
206-->[com.google.firebase:firebase-auth:23.2.0] AndroidManifest.xml:39:27-75
207
208                <data
208-->src/main/AndroidManifest.xml:46:13-50
209                    android:host="firebase.auth"
210                    android:path="/"
211                    android:scheme="genericidp" />
212            </intent-filter>
213        </activity>
214        <activity
214-->[com.google.firebase:firebase-auth:23.2.0] AndroidManifest.xml:47:9-64:20
215            android:name="com.google.firebase.auth.internal.RecaptchaActivity"
215-->[com.google.firebase:firebase-auth:23.2.0] AndroidManifest.xml:48:13-79
216            android:excludeFromRecents="true"
216-->[com.google.firebase:firebase-auth:23.2.0] AndroidManifest.xml:49:13-46
217            android:exported="true"
217-->[com.google.firebase:firebase-auth:23.2.0] AndroidManifest.xml:50:13-36
218            android:launchMode="singleTask"
218-->[com.google.firebase:firebase-auth:23.2.0] AndroidManifest.xml:51:13-44
219            android:theme="@android:style/Theme.Translucent.NoTitleBar" >
219-->[com.google.firebase:firebase-auth:23.2.0] AndroidManifest.xml:52:13-72
220            <intent-filter>
220-->[com.google.firebase:firebase-auth:23.2.0] AndroidManifest.xml:53:13-63:29
221                <action android:name="android.intent.action.VIEW" />
221-->[com.google.firebase:firebase-auth:23.2.0] AndroidManifest.xml:36:17-69
221-->[com.google.firebase:firebase-auth:23.2.0] AndroidManifest.xml:36:25-66
222
223                <category android:name="android.intent.category.DEFAULT" />
223-->[com.google.firebase:firebase-auth:23.2.0] AndroidManifest.xml:38:17-76
223-->[com.google.firebase:firebase-auth:23.2.0] AndroidManifest.xml:38:27-73
224                <category android:name="android.intent.category.BROWSABLE" />
224-->[com.google.firebase:firebase-auth:23.2.0] AndroidManifest.xml:39:17-78
224-->[com.google.firebase:firebase-auth:23.2.0] AndroidManifest.xml:39:27-75
225
226                <data
226-->src/main/AndroidManifest.xml:46:13-50
227                    android:host="firebase.auth"
228                    android:path="/"
229                    android:scheme="recaptcha" />
230            </intent-filter>
231        </activity>
232
233        <service
233-->[androidx.credentials:credentials-play-services-auth:1.2.0-rc01] AndroidManifest.xml:24:9-32:19
234            android:name="androidx.credentials.playservices.CredentialProviderMetadataHolder"
234-->[androidx.credentials:credentials-play-services-auth:1.2.0-rc01] AndroidManifest.xml:25:13-94
235            android:enabled="true"
235-->[androidx.credentials:credentials-play-services-auth:1.2.0-rc01] AndroidManifest.xml:26:13-35
236            android:exported="false" >
236-->[androidx.credentials:credentials-play-services-auth:1.2.0-rc01] AndroidManifest.xml:27:13-37
237            <meta-data
237-->[androidx.credentials:credentials-play-services-auth:1.2.0-rc01] AndroidManifest.xml:29:13-31:104
238                android:name="androidx.credentials.CREDENTIAL_PROVIDER_KEY"
238-->[androidx.credentials:credentials-play-services-auth:1.2.0-rc01] AndroidManifest.xml:30:17-76
239                android:value="androidx.credentials.playservices.CredentialProviderPlayServicesImpl" />
239-->[androidx.credentials:credentials-play-services-auth:1.2.0-rc01] AndroidManifest.xml:31:17-101
240        </service>
241
242        <activity
242-->[androidx.credentials:credentials-play-services-auth:1.2.0-rc01] AndroidManifest.xml:34:9-41:20
243            android:name="androidx.credentials.playservices.HiddenActivity"
243-->[androidx.credentials:credentials-play-services-auth:1.2.0-rc01] AndroidManifest.xml:35:13-76
244            android:configChanges="orientation|screenSize|screenLayout|keyboardHidden"
244-->[androidx.credentials:credentials-play-services-auth:1.2.0-rc01] AndroidManifest.xml:36:13-87
245            android:enabled="true"
245-->[androidx.credentials:credentials-play-services-auth:1.2.0-rc01] AndroidManifest.xml:37:13-35
246            android:exported="false"
246-->[androidx.credentials:credentials-play-services-auth:1.2.0-rc01] AndroidManifest.xml:38:13-37
247            android:fitsSystemWindows="true"
247-->[androidx.credentials:credentials-play-services-auth:1.2.0-rc01] AndroidManifest.xml:39:13-45
248            android:theme="@style/Theme.Hidden" >
248-->[androidx.credentials:credentials-play-services-auth:1.2.0-rc01] AndroidManifest.xml:40:13-48
249        </activity>
250        <activity
250-->[com.google.android.gms:play-services-auth:21.0.0] AndroidManifest.xml:23:9-27:75
251            android:name="com.google.android.gms.auth.api.signin.internal.SignInHubActivity"
251-->[com.google.android.gms:play-services-auth:21.0.0] AndroidManifest.xml:24:13-93
252            android:excludeFromRecents="true"
252-->[com.google.android.gms:play-services-auth:21.0.0] AndroidManifest.xml:25:13-46
253            android:exported="false"
253-->[com.google.android.gms:play-services-auth:21.0.0] AndroidManifest.xml:26:13-37
254            android:theme="@android:style/Theme.Translucent.NoTitleBar" />
254-->[com.google.android.gms:play-services-auth:21.0.0] AndroidManifest.xml:27:13-72
255        <!--
256            Service handling Google Sign-In user revocation. For apps that do not integrate with
257            Google Sign-In, this service will never be started.
258        -->
259        <service
259-->[com.google.android.gms:play-services-auth:21.0.0] AndroidManifest.xml:33:9-37:51
260            android:name="com.google.android.gms.auth.api.signin.RevocationBoundService"
260-->[com.google.android.gms:play-services-auth:21.0.0] AndroidManifest.xml:34:13-89
261            android:exported="true"
261-->[com.google.android.gms:play-services-auth:21.0.0] AndroidManifest.xml:35:13-36
262            android:permission="com.google.android.gms.auth.api.signin.permission.REVOCATION_NOTIFICATION"
262-->[com.google.android.gms:play-services-auth:21.0.0] AndroidManifest.xml:36:13-107
263            android:visibleToInstantApps="true" />
263-->[com.google.android.gms:play-services-auth:21.0.0] AndroidManifest.xml:37:13-48
264
265        <receiver
265-->[com.google.firebase:firebase-messaging:24.1.1] AndroidManifest.xml:29:9-40:20
266            android:name="com.google.firebase.iid.FirebaseInstanceIdReceiver"
266-->[com.google.firebase:firebase-messaging:24.1.1] AndroidManifest.xml:30:13-78
267            android:exported="true"
267-->[com.google.firebase:firebase-messaging:24.1.1] AndroidManifest.xml:31:13-36
268            android:permission="com.google.android.c2dm.permission.SEND" >
268-->[com.google.firebase:firebase-messaging:24.1.1] AndroidManifest.xml:32:13-73
269            <intent-filter>
269-->[:firebase_messaging] AndroidManifest.xml:30:13-32:29
270                <action android:name="com.google.android.c2dm.intent.RECEIVE" />
270-->[:firebase_messaging] AndroidManifest.xml:31:17-81
270-->[:firebase_messaging] AndroidManifest.xml:31:25-78
271            </intent-filter>
272
273            <meta-data
273-->[com.google.firebase:firebase-messaging:24.1.1] AndroidManifest.xml:37:13-39:40
274                android:name="com.google.android.gms.cloudmessaging.FINISHED_AFTER_HANDLED"
274-->[com.google.firebase:firebase-messaging:24.1.1] AndroidManifest.xml:38:17-92
275                android:value="true" />
275-->[com.google.firebase:firebase-messaging:24.1.1] AndroidManifest.xml:39:17-37
276        </receiver>
277        <!--
278             FirebaseMessagingService performs security checks at runtime,
279             but set to not exported to explicitly avoid allowing another app to call it.
280        -->
281        <service
281-->[com.google.firebase:firebase-messaging:24.1.1] AndroidManifest.xml:46:9-53:19
282            android:name="com.google.firebase.messaging.FirebaseMessagingService"
282-->[com.google.firebase:firebase-messaging:24.1.1] AndroidManifest.xml:47:13-82
283            android:directBootAware="true"